<?xml version="1.0" encoding="UTF-8"?>
<!-- Generated by org.testng.reporters.JUnitReportReporter -->
<testsuite hostname="LAPTOP-GV5T9NQH" failures="0" tests="2" name="SanthoshFramework.Practice.HashMapConcept" time="0.023" errors="0" timestamp="2025-05-06T22:02:29 IST" skipped="0">
  <testcase classname="SanthoshFramework.Practice.HashMapConcept" name="ActualSet" time="0.004"/>
  <testcase classname="SanthoshFramework.Practice.HashMapConcept" name="ActualSet" time="0.019"/>
</testsuite> <!-- SanthoshFramework.Practice.HashMapConcept -->
