<?xml version="1.0" encoding="UTF-8"?>
<!-- Generated by org.testng.reporters.JUnitReportReporter -->
<testsuite hostname="LAPTOP-GV5T9NQH" failures="0" tests="2" name="SanthoshFramework.Practice.HashMapConcept" time="0.021" errors="0" timestamp="2025-05-07T20:09:52 IST" skipped="0">
  <testcase classname="SanthoshFramework.Practice.HashMapConcept" name="ActualSet" time="0.003"/>
  <testcase classname="SanthoshFramework.Practice.HashMapConcept" name="ActualSet" time="0.018"/>
</testsuite> <!-- SanthoshFramework.Practice.HashMapConcept -->
